<?xml version="1.0" encoding="UTF-8"?><testsuite errors="0" failures="1" name="Academy choucair" skipped="0" tests="1" time="16.07" timestamp="2022-06-15 07:19:45"><testcase name="Search for a automation course"><failure message="Expected enabled element was not enabled" type="net.thucydides.core.webdriver.exceptions.ElementShouldBeEnabledException">Expected enabled element was not enabled</failure><system-err>Expected enabled element was not enabled&#13;
co.com.choucair.certification.academy.tasks.Login.performAs(Login.java:18)&#13;
co.com.choucair.certification.academy.stepdefinitions.ChoucairAcademyStepDefintions.tanBrandonWantsToLearnAutomationAtTheAcademyChoucair(ChoucairAcademyStepDefintions.java:21)&#13;
cucumber.runner.Runner.runPickle(Runner.java:80)&#13;
</system-err></testcase></testsuite>